<?xml version="1.0" encoding="UTF-8"?>
<!-- Generated by org.testng.reporters.JUnitXMLReporter -->
<testsuite ignored="0" hostname="RHARISHs-MacBook-Air.local" failures="1" tests="4" name="Test" time="0.133" errors="0" timestamp="2022-11-11T10:47:32 IST">
  <testcase classname="TestNg.my_puvi" name="method" time="0.023">
    <skipped/>
  </testcase> <!-- method -->
  <testcase classname="TestNg.my_puvi" name="method" time="0.005">
    <skipped/>
  </testcase> <!-- method -->
  <testcase classname="TestNg.my_puvi" name="method" time="0.004">
    <skipped/>
  </testcase> <!-- method -->
  <testcase classname="TestNg.my_puvi" name="method" time="0.002">
    <failure type="java.lang.AssertionError" message="expected:&amp;lt;puvi say i love you&amp;gt; but was:&amp;lt;puvi say i like you&amp;gt;">
      <![CDATA[java.lang.AssertionError: expected:<puvi say i love you> but was:<puvi say i like you>
at TestNg.my_puvi.method(my_puvi.java:12)
at java.base/java.util.ArrayList.forEach(ArrayList.java:1511)
... Removed 27 stack frames]]>
    </failure>
  </testcase> <!-- method -->
</testsuite> <!-- Test -->
